<?xml version="1.0" encoding="UTF-8"?>
<!-- Generated by org.testng.reporters.JUnitReportReporter -->
<testsuite skipped="0" hostname="PRINCY" name="myPackage.SmokeTest" tests="1" failures="0" timestamp="2020-08-04T13:35:05 IST" time="189.675" errors="0">
  <testcase name="loginTest" time="189.675" classname="myPackage.SmokeTest"/>
  <system-out/>
</testsuite> <!-- myPackage.SmokeTest -->
